<?xml version="1.0" encoding="UTF-8"?>
<!-- Generated by org.testng.reporters.JUnitXMLReporter -->
<testsuite ignored="1" hostname="CESIT-LAP-0177" failures="0" tests="1" name="Default test" time="11.776" errors="0" timestamp="2021-10-21T14:41:31 IST">
  <testcase classname="Amazon.TC_TodaysDeals" name="Electronics" time="10.728"/>
  <testcase classname="Amazon.TC_TodaysDeals" name="AutomationCheck" time="0.0">
    <ignored/>
  </testcase> <!-- AutomationCheck -->
</testsuite> <!-- Default test -->
