<?xml version="1.0" encoding="UTF-8"?>
<testng-results ignored="0" total="3" passed="3" failed="0" skipped="0">
  <reporter-output>
  </reporter-output>
  <suite started-at="2021-10-25T14:51:35 IST" name="POCSuite" finished-at="2021-10-25T14:51:59 IST" duration-ms="24045">
    <groups>
    </groups>
    <test started-at="2021-10-25T14:51:35 IST" name="Login Validation" finished-at="2021-10-25T14:51:56 IST" duration-ms="20500">
      <class name="Amazon.TC_TodaysDeals">
        <test-method is-config="true" signature="setUpReport()[pri:0, instance:Amazon.TC_TodaysDeals@6e1d8f9e]" started-at="2021-10-25T14:51:35 IST" name="setUpReport" finished-at="2021-10-25T14:51:35 IST" duration-ms="11" status="PASS">
          <reporter-output>
          </reporter-output>
        </test-method> <!-- setUpReport -->
        <test-method is-config="true" signature="verifyTestExecution()[pri:0, instance:Amazon.TC_TodaysDeals@6e1d8f9e]" started-at="2021-10-25T14:51:35 IST" name="verifyTestExecution" finished-at="2021-10-25T14:51:35 IST" duration-ms="3" status="PASS">
          <reporter-output>
          </reporter-output>
        </test-method> <!-- verifyTestExecution -->
        <test-method signature="AutomationCheck(java.util.Hashtable)[pri:0, instance:Amazon.TC_TodaysDeals@6e1d8f9e]" started-at="2021-10-25T14:51:35 IST" name="AutomationCheck" data-provider="getWebData" finished-at="2021-10-25T14:51:45 IST" duration-ms="9843" status="PASS">
          <params>
            <param index="0">
              <value>
                <![CDATA[{Description=Check Amazon TodaysDeals, PostLogin=Pass, Url=Amazon, PocPassword=, TestName=Amazon TodaysDeals, os=Windows, browser=Chrome, RunMode=Y, PocUsername=, os_version=10, browserVersion=latest}]]>
              </value>
            </param>
          </params>
          <reporter-output>
          </reporter-output>
        </test-method> <!-- AutomationCheck -->
        <test-method is-config="true" signature="getResult(org.testng.ITestResult)[pri:0, instance:Amazon.TC_TodaysDeals@6e1d8f9e]" started-at="2021-10-25T14:51:45 IST" name="getResult" finished-at="2021-10-25T14:51:45 IST" duration-ms="5" status="PASS">
          <params>
            <param index="0">
              <value>
                <![CDATA[[TestResult name=AutomationCheck status=SUCCESS method=TC_TodaysDeals.AutomationCheck(java.util.Hashtable)[pri:0, instance:Amazon.TC_TodaysDeals@6e1d8f9e] output={null}]]]>
              </value>
            </param>
          </params>
          <reporter-output>
          </reporter-output>
        </test-method> <!-- getResult -->
        <test-method is-config="true" signature="verifyTestExecution()[pri:0, instance:Amazon.TC_TodaysDeals@6e1d8f9e]" started-at="2021-10-25T14:51:45 IST" name="verifyTestExecution" finished-at="2021-10-25T14:51:45 IST" duration-ms="3" status="PASS">
          <reporter-output>
          </reporter-output>
        </test-method> <!-- verifyTestExecution -->
        <test-method signature="Electronics(java.util.Hashtable)[pri:0, instance:Amazon.TC_TodaysDeals@6e1d8f9e]" started-at="2021-10-25T14:51:45 IST" name="Electronics" data-provider="getWebData" finished-at="2021-10-25T14:51:55 IST" duration-ms="9626" status="PASS">
          <params>
            <param index="0">
              <value>
                <![CDATA[{Description=Check Amazon TodaysDeals, PostLogin=Pass, Url=Amazon, PocPassword=, TestName=Amazon TodaysDeals, os=Windows, browser=Chrome, RunMode=Y, PocUsername=, os_version=10, browserVersion=latest}]]>
              </value>
            </param>
          </params>
          <reporter-output>
          </reporter-output>
        </test-method> <!-- Electronics -->
        <test-method is-config="true" signature="getResult(org.testng.ITestResult)[pri:0, instance:Amazon.TC_TodaysDeals@6e1d8f9e]" started-at="2021-10-25T14:51:55 IST" name="getResult" finished-at="2021-10-25T14:51:55 IST" duration-ms="0" status="PASS">
          <params>
            <param index="0">
              <value>
                <![CDATA[[TestResult name=Electronics status=SUCCESS method=TC_TodaysDeals.Electronics(java.util.Hashtable)[pri:0, instance:Amazon.TC_TodaysDeals@6e1d8f9e] output={null}]]]>
              </value>
            </param>
          </params>
          <reporter-output>
          </reporter-output>
        </test-method> <!-- getResult -->
        <test-method is-config="true" signature="teardown()[pri:0, instance:Amazon.TC_TodaysDeals@6e1d8f9e]" started-at="2021-10-25T14:51:55 IST" name="teardown" finished-at="2021-10-25T14:51:56 IST" duration-ms="942" status="PASS">
          <reporter-output>
          </reporter-output>
        </test-method> <!-- teardown -->
      </class> <!-- Amazon.TC_TodaysDeals -->
    </test> <!-- Login Validation -->
    <test started-at="2021-10-25T14:51:56 IST" name="Validation" finished-at="2021-10-25T14:51:59 IST" duration-ms="3491">
      <class name="Amazon.TC_Banner01">
        <test-method is-config="true" signature="initiateReport()[pri:0, instance:Amazon.TC_Banner01@6c8bca63]" started-at="2021-10-25T14:51:35 IST" name="initiateReport" finished-at="2021-10-25T14:51:35 IST" duration-ms="152" status="PASS">
          <reporter-output>
          </reporter-output>
        </test-method> <!-- initiateReport -->
        <test-method is-config="true" signature="setUpReport()[pri:0, instance:Amazon.TC_Banner01@6c8bca63]" started-at="2021-10-25T14:51:56 IST" name="setUpReport" finished-at="2021-10-25T14:51:56 IST" duration-ms="0" status="PASS">
          <reporter-output>
          </reporter-output>
        </test-method> <!-- setUpReport -->
        <test-method is-config="true" signature="verifyTestExecution()[pri:0, instance:Amazon.TC_Banner01@6c8bca63]" started-at="2021-10-25T14:51:56 IST" name="verifyTestExecution" finished-at="2021-10-25T14:51:56 IST" duration-ms="4" status="PASS">
          <reporter-output>
          </reporter-output>
        </test-method> <!-- verifyTestExecution -->
        <test-method signature="LoginCheck(java.util.Hashtable)[pri:0, instance:Amazon.TC_Banner01@6c8bca63]" started-at="2021-10-25T14:51:56 IST" name="LoginCheck" data-provider="getWebData" finished-at="2021-10-25T14:51:59 IST" duration-ms="3092" status="PASS">
          <params>
            <param index="0">
              <value>
                <![CDATA[{Description=Check Amazon banners, PostLogin=Pass, Url=Amazon, PocPassword=, TestName=Amazon Banner check, os=Windows, browser=Chrome, RunMode=Y, PocUsername=, os_version=10, browserVersion=latest}]]>
              </value>
            </param>
          </params>
          <reporter-output>
          </reporter-output>
        </test-method> <!-- LoginCheck -->
        <test-method is-config="true" signature="getResult(org.testng.ITestResult)[pri:0, instance:Amazon.TC_Banner01@6c8bca63]" started-at="2021-10-25T14:51:59 IST" name="getResult" finished-at="2021-10-25T14:51:59 IST" duration-ms="1" status="PASS">
          <params>
            <param index="0">
              <value>
                <![CDATA[[TestResult name=LoginCheck status=SUCCESS method=TC_Banner01.LoginCheck(java.util.Hashtable)[pri:0, instance:Amazon.TC_Banner01@6c8bca63] output={null}]]]>
              </value>
            </param>
          </params>
          <reporter-output>
          </reporter-output>
        </test-method> <!-- getResult -->
        <test-method is-config="true" signature="teardown()[pri:0, instance:Amazon.TC_Banner01@6c8bca63]" started-at="2021-10-25T14:51:59 IST" name="teardown" finished-at="2021-10-25T14:51:59 IST" duration-ms="386" status="PASS">
          <reporter-output>
          </reporter-output>
        </test-method> <!-- teardown -->
      </class> <!-- Amazon.TC_Banner01 -->
    </test> <!-- Validation -->
  </suite> <!-- POCSuite -->
</testng-results>
